
SW6>
SW6>terminal width 511
SW6>terminal length 0
SW6>
SW6>
SW6>enable
Password: 
SW6#
SW6#
SW6#show running-config
Building configuration...

Current configuration : 987 bytes
!
! Last configuration change at 04:58:45 UTC Mon Jan 27 2025
!
version 15.2
service timestamps debug datetime msec
service timestamps log datetime msec
no service password-encryption
service compress-config
!
hostname SW6
!
boot-start-marker
boot-end-marker
!
!
enable password ********
!
username ******** password 0 ********
no aaa new-model
!
!
!
!
!
!
!
!
no ip domain-lookup
ip domain-name supawit.com
ip cef
no ipv6 cef
!
!
!
spanning-tree mode pvst
spanning-tree extend system-id
!
!
! 
!
!
!
!
!
!
!
!
!
!
!
!
interface Ethernet0/0
 no switchport
 ip address 10.0.0.106 255.255.255.0
!
interface Ethernet0/1
!
interface Ethernet0/2
!
interface Ethernet0/3
!
ip forward-protocol nd
!
ip http server
ip http secure-server
!
ip ssh server algorithm encryption aes128-ctr aes192-ctr aes256-ctr
ip ssh client algorithm encryption aes128-ctr aes192-ctr aes256-ctr
!
!
!
!
!
control-plane
!
!
line con 0
 logging synchronous
line aux 0
line vty 0 4
 login local
 transport input all
!
!
!
end

SW6#